[2019-08-07 00:28:01.553][INFO][main][T= E= U=][org.springframework.context.support.PostProcessorRegistrationDelegate$BeanPostProcessorChecker:330] Bean 'org.springframework.cloud.autoconfigure.ConfigurationPropertiesRebinderAutoConfiguration' of type [org.springframework.cloud.autoconfigure.ConfigurationPropertiesRebinderAutoConfiguration$$EnhancerBySpringCGLIB$$eb5b146e] is not eligible for getting processed by all BeanPostProcessors (for example: not eligible for auto-proxying)
[2019-08-07 00:28:02.054][INFO][main][T= E= U=][com.omega.eureka.EurekaApplication:651] The following profiles are active: dev
[2019-08-07 00:28:02.741][WARN][main][T= E= U=][org.springframework.boot.actuate.endpoint.EndpointId:131] Endpoint ID 'service-registry' contains invalid characters, please migrate to a valid format.
[2019-08-07 00:28:02.997][INFO][main][T= E= U=][org.springframework.cloud.context.scope.GenericScope:295] BeanFactory id=89942855-f589-30ce-8f54-b54acfb2f90b
[2019-08-07 00:28:03.089][INFO][main][T= E= U=][org.springframework.context.support.PostProcessorRegistrationDelegate$BeanPostProcessorChecker:330] Bean 'org.springframework.cloud.autoconfigure.ConfigurationPropertiesRebinderAutoConfiguration' of type [org.springframework.cloud.autoconfigure.ConfigurationPropertiesRebinderAutoConfiguration$$EnhancerBySpringCGLIB$$eb5b146e] is not eligible for getting processed by all BeanPostProcessors (for example: not eligible for auto-proxying)
[2019-08-07 00:28:03.584][INFO][main][T= E= U=][org.springframework.boot.web.embedded.tomcat.TomcatWebServer:90] Tomcat initialized with port(s): 8080 (http)
[2019-08-07 00:28:03.609][INFO][main][T= E= U=][org.apache.catalina.core.StandardService:173] Starting service [Tomcat]
[2019-08-07 00:28:03.610][INFO][main][T= E= U=][org.apache.catalina.core.StandardEngine:173] Starting Servlet engine: [Apache Tomcat/9.0.22]
[2019-08-07 00:28:03.757][INFO][main][T= E= U=][org.apache.catalina.core.ContainerBase.[Tomcat].[localhost].[/]:173] Initializing Spring embedded WebApplicationContext
[2019-08-07 00:28:03.759][INFO][main][T= E= U=][org.springframework.web.context.ContextLoader:284] Root WebApplicationContext: initialization completed in 1691 ms
[2019-08-07 00:28:03.991][WARN][main][T= E= U=][com.netflix.config.sources.URLConfigurationSource:121] No URLs will be polled as dynamic configuration sources.
[2019-08-07 00:28:03.994][INFO][main][T= E= U=][com.netflix.config.sources.URLConfigurationSource:122] To enable URLs as dynamic configuration sources, define System property archaius.configurationSource.additionalUrls or make config.properties available on classpath.
[2019-08-07 00:28:04.038][INFO][main][T= E= U=][com.netflix.config.DynamicPropertyFactory:281] DynamicPropertyFactory is initialized with configuration sources: com.netflix.config.ConcurrentCompositeConfiguration@608fe01f
[2019-08-07 00:28:05.035][INFO][main][T= E= U=][com.sun.jersey.server.impl.application.WebApplicationImpl:815] Initiating Jersey application, version 'Jersey: 1.19.1 03/11/2016 02:08 PM'
[2019-08-07 00:28:05.104][INFO][main][T= E= U=][com.netflix.discovery.provider.DiscoveryJerseyProvider:70] Using JSON encoding codec LegacyJacksonJson
[2019-08-07 00:28:05.109][INFO][main][T= E= U=][com.netflix.discovery.provider.DiscoveryJerseyProvider:71] Using JSON decoding codec LegacyJacksonJson
[2019-08-07 00:28:05.244][INFO][main][T= E= U=][com.netflix.discovery.provider.DiscoveryJerseyProvider:80] Using XML encoding codec XStreamXml
[2019-08-07 00:28:05.245][INFO][main][T= E= U=][com.netflix.discovery.provider.DiscoveryJerseyProvider:81] Using XML decoding codec XStreamXml
[2019-08-07 00:28:05.549][WARN][main][T= E= U=][com.netflix.config.sources.URLConfigurationSource:121] No URLs will be polled as dynamic configuration sources.
[2019-08-07 00:28:05.549][INFO][main][T= E= U=][com.netflix.config.sources.URLConfigurationSource:122] To enable URLs as dynamic configuration sources, define System property archaius.configurationSource.additionalUrls or make config.properties available on classpath.
[2019-08-07 00:28:05.900][INFO][main][T= E= U=][org.springframework.scheduling.concurrent.ThreadPoolTaskExecutor:171] Initializing ExecutorService 'applicationTaskExecutor'
[2019-08-07 00:28:06.786][INFO][main][T= E= U=][org.springframework.cloud.netflix.eureka.InstanceInfoFactory:72] Setting initial instance status as: STARTING
[2019-08-07 00:28:06.819][INFO][main][T= E= U=][com.netflix.discovery.DiscoveryClient:365] Initializing Eureka in region us-east-1
[2019-08-07 00:28:06.820][INFO][main][T= E= U=][com.netflix.discovery.DiscoveryClient:368] Client configured to neither register nor query for data.
[2019-08-07 00:28:06.833][INFO][main][T= E= U=][com.netflix.discovery.DiscoveryClient:381] Discovery Client initialized at timestamp 1565108886829 with initial instances count: 0
[2019-08-07 00:28:06.877][INFO][main][T= E= U=][com.netflix.eureka.DefaultEurekaServerContext:63] Initializing ...
[2019-08-07 00:28:06.879][INFO][main][T= E= U=][com.netflix.eureka.cluster.PeerEurekaNodes:187] Adding new peer nodes [http://localhost:8080/eureka/]
[2019-08-07 00:28:07.329][INFO][main][T= E= U=][com.netflix.discovery.provider.DiscoveryJerseyProvider:70] Using JSON encoding codec LegacyJacksonJson
[2019-08-07 00:28:07.330][INFO][main][T= E= U=][com.netflix.discovery.provider.DiscoveryJerseyProvider:71] Using JSON decoding codec LegacyJacksonJson
[2019-08-07 00:28:07.331][INFO][main][T= E= U=][com.netflix.discovery.provider.DiscoveryJerseyProvider:80] Using XML encoding codec XStreamXml
[2019-08-07 00:28:07.332][INFO][main][T= E= U=][com.netflix.discovery.provider.DiscoveryJerseyProvider:81] Using XML decoding codec XStreamXml
[2019-08-07 00:28:07.432][INFO][main][T= E= U=][com.netflix.eureka.cluster.PeerEurekaNodes:109] Replica node URL:  http://localhost:8080/eureka/
[2019-08-07 00:28:07.441][INFO][main][T= E= U=][com.netflix.eureka.registry.AbstractInstanceRegistry:151] Finished initializing remote region registries. All known remote regions: []
[2019-08-07 00:28:07.442][INFO][main][T= E= U=][com.netflix.eureka.DefaultEurekaServerContext:70] Initialized
[2019-08-07 00:28:07.454][INFO][main][T= E= U=][org.springframework.boot.actuate.endpoint.web.EndpointLinksResolver:58] Exposing 2 endpoint(s) beneath base path '/actuator'
[2019-08-07 00:28:07.536][INFO][main][T= E= U=][org.springframework.cloud.netflix.eureka.serviceregistry.EurekaServiceRegistry:41] Registering application OMEGA-EUREKA with eureka with status UP
[2019-08-07 00:28:07.542][INFO][Thread-11][T= E= U=][org.springframework.cloud.netflix.eureka.server.EurekaServerBootstrap:110] Setting the eureka configuration..
[2019-08-07 00:28:07.553][INFO][Thread-11][T= E= U=][org.springframework.cloud.netflix.eureka.server.EurekaServerBootstrap:115] Eureka data center value eureka.datacenter is not set, defaulting to default
[2019-08-07 00:28:07.555][INFO][Thread-11][T= E= U=][org.springframework.cloud.netflix.eureka.server.EurekaServerBootstrap:129] Eureka environment value eureka.environment is not set, defaulting to test
[2019-08-07 00:28:07.575][INFO][Thread-11][T= E= U=][org.springframework.cloud.netflix.eureka.server.EurekaServerBootstrap:188] isAws returned false
[2019-08-07 00:28:07.575][INFO][Thread-11][T= E= U=][org.springframework.cloud.netflix.eureka.server.EurekaServerBootstrap:153] Initialized server context
[2019-08-07 00:28:07.576][INFO][Thread-11][T= E= U=][com.netflix.eureka.registry.PeerAwareInstanceRegistryImpl:241] Got 1 instances from neighboring DS node
[2019-08-07 00:28:07.576][INFO][Thread-11][T= E= U=][com.netflix.eureka.registry.PeerAwareInstanceRegistryImpl:242] Renew threshold is: 1
[2019-08-07 00:28:07.576][INFO][Thread-11][T= E= U=][com.netflix.eureka.registry.PeerAwareInstanceRegistryImpl:253] Changing status to UP
[2019-08-07 00:28:07.595][INFO][Thread-11][T= E= U=][org.springframework.cloud.netflix.eureka.server.EurekaServerInitializerConfiguration:74] Started Eureka Server
[2019-08-07 00:28:07.606][INFO][main][T= E= U=][org.springframework.boot.web.embedded.tomcat.TomcatWebServer:202] Tomcat started on port(s): 8080 (http) with context path ''
[2019-08-07 00:28:07.607][INFO][main][T= E= U=][org.springframework.cloud.netflix.eureka.serviceregistry.EurekaAutoServiceRegistration:145] Updating port to 8080
[2019-08-07 00:28:07.608][INFO][main][T= E= U=][com.omega.eureka.EurekaApplication:59] Started EurekaApplication in 7.039 seconds (JVM running for 7.785)
[2019-08-07 00:28:16.212][INFO][http-nio-8080-exec-10][T= E= U=][org.apache.catalina.core.ContainerBase.[Tomcat].[localhost].[/]:173] Initializing Spring DispatcherServlet 'dispatcherServlet'
[2019-08-07 00:28:16.213][INFO][http-nio-8080-exec-10][T= E= U=][org.springframework.web.servlet.DispatcherServlet:524] Initializing Servlet 'dispatcherServlet'
[2019-08-07 00:28:16.223][INFO][http-nio-8080-exec-10][T= E= U=][org.springframework.web.servlet.DispatcherServlet:546] Completed initialization in 10 ms
[2019-08-07 00:32:42.400][INFO][main][T= E= U=][org.springframework.context.support.PostProcessorRegistrationDelegate$BeanPostProcessorChecker:330] Bean 'org.springframework.cloud.autoconfigure.ConfigurationPropertiesRebinderAutoConfiguration' of type [org.springframework.cloud.autoconfigure.ConfigurationPropertiesRebinderAutoConfiguration$$EnhancerBySpringCGLIB$$b546266] is not eligible for getting processed by all BeanPostProcessors (for example: not eligible for auto-proxying)
[2019-08-07 00:32:43.001][INFO][main][T= E= U=][com.omega.eureka.EurekaApplication:651] The following profiles are active: dev
[2019-08-07 00:32:43.828][WARN][main][T= E= U=][org.springframework.boot.actuate.endpoint.EndpointId:131] Endpoint ID 'service-registry' contains invalid characters, please migrate to a valid format.
[2019-08-07 00:32:44.123][INFO][main][T= E= U=][org.springframework.cloud.context.scope.GenericScope:295] BeanFactory id=02635300-7202-3ee4-af5e-f4ad610bafa7
[2019-08-07 00:32:44.234][INFO][main][T= E= U=][org.springframework.context.support.PostProcessorRegistrationDelegate$BeanPostProcessorChecker:330] Bean 'org.springframework.cloud.autoconfigure.ConfigurationPropertiesRebinderAutoConfiguration' of type [org.springframework.cloud.autoconfigure.ConfigurationPropertiesRebinderAutoConfiguration$$EnhancerBySpringCGLIB$$b546266] is not eligible for getting processed by all BeanPostProcessors (for example: not eligible for auto-proxying)
[2019-08-07 00:32:44.636][INFO][main][T= E= U=][org.springframework.boot.web.embedded.tomcat.TomcatWebServer:90] Tomcat initialized with port(s): 8080 (http)
[2019-08-07 00:32:44.705][INFO][main][T= E= U=][org.apache.catalina.core.StandardService:173] Starting service [Tomcat]
[2019-08-07 00:32:44.708][INFO][main][T= E= U=][org.apache.catalina.core.StandardEngine:173] Starting Servlet engine: [Apache Tomcat/9.0.22]
[2019-08-07 00:32:45.325][INFO][main][T= E= U=][org.apache.catalina.core.ContainerBase.[Tomcat].[localhost].[/]:173] Initializing Spring embedded WebApplicationContext
[2019-08-07 00:32:45.327][INFO][main][T= E= U=][org.springframework.web.context.ContextLoader:284] Root WebApplicationContext: initialization completed in 2315 ms
[2019-08-07 00:32:45.630][WARN][main][T= E= U=][com.netflix.config.sources.URLConfigurationSource:121] No URLs will be polled as dynamic configuration sources.
[2019-08-07 00:32:45.631][INFO][main][T= E= U=][com.netflix.config.sources.URLConfigurationSource:122] To enable URLs as dynamic configuration sources, define System property archaius.configurationSource.additionalUrls or make config.properties available on classpath.
[2019-08-07 00:32:45.643][INFO][main][T= E= U=][com.netflix.config.DynamicPropertyFactory:281] DynamicPropertyFactory is initialized with configuration sources: com.netflix.config.ConcurrentCompositeConfiguration@5f481b73
[2019-08-07 00:32:46.975][INFO][main][T= E= U=][com.sun.jersey.server.impl.application.WebApplicationImpl:815] Initiating Jersey application, version 'Jersey: 1.19.1 03/11/2016 02:08 PM'
[2019-08-07 00:32:47.103][INFO][main][T= E= U=][com.netflix.discovery.provider.DiscoveryJerseyProvider:70] Using JSON encoding codec LegacyJacksonJson
[2019-08-07 00:32:47.105][INFO][main][T= E= U=][com.netflix.discovery.provider.DiscoveryJerseyProvider:71] Using JSON decoding codec LegacyJacksonJson
[2019-08-07 00:32:47.238][INFO][main][T= E= U=][com.netflix.discovery.provider.DiscoveryJerseyProvider:80] Using XML encoding codec XStreamXml
[2019-08-07 00:32:47.239][INFO][main][T= E= U=][com.netflix.discovery.provider.DiscoveryJerseyProvider:81] Using XML decoding codec XStreamXml
[2019-08-07 00:32:47.548][WARN][main][T= E= U=][com.netflix.config.sources.URLConfigurationSource:121] No URLs will be polled as dynamic configuration sources.
[2019-08-07 00:32:47.548][INFO][main][T= E= U=][com.netflix.config.sources.URLConfigurationSource:122] To enable URLs as dynamic configuration sources, define System property archaius.configurationSource.additionalUrls or make config.properties available on classpath.
[2019-08-07 00:32:47.827][INFO][main][T= E= U=][org.springframework.scheduling.concurrent.ThreadPoolTaskExecutor:171] Initializing ExecutorService 'applicationTaskExecutor'
[2019-08-07 00:32:49.197][INFO][main][T= E= U=][org.springframework.cloud.netflix.eureka.InstanceInfoFactory:72] Setting initial instance status as: STARTING
[2019-08-07 00:32:49.321][INFO][main][T= E= U=][com.netflix.discovery.DiscoveryClient:365] Initializing Eureka in region us-east-1
[2019-08-07 00:32:49.323][INFO][main][T= E= U=][com.netflix.discovery.DiscoveryClient:368] Client configured to neither register nor query for data.
[2019-08-07 00:32:49.343][INFO][main][T= E= U=][com.netflix.discovery.DiscoveryClient:381] Discovery Client initialized at timestamp 1565109169339 with initial instances count: 0
[2019-08-07 00:32:49.458][INFO][main][T= E= U=][com.netflix.eureka.DefaultEurekaServerContext:63] Initializing ...
[2019-08-07 00:32:49.466][INFO][main][T= E= U=][com.netflix.eureka.cluster.PeerEurekaNodes:187] Adding new peer nodes [http://localhost:8080/eureka/]
[2019-08-07 00:32:49.858][INFO][main][T= E= U=][com.netflix.discovery.provider.DiscoveryJerseyProvider:70] Using JSON encoding codec LegacyJacksonJson
[2019-08-07 00:32:49.859][INFO][main][T= E= U=][com.netflix.discovery.provider.DiscoveryJerseyProvider:71] Using JSON decoding codec LegacyJacksonJson
[2019-08-07 00:32:49.860][INFO][main][T= E= U=][com.netflix.discovery.provider.DiscoveryJerseyProvider:80] Using XML encoding codec XStreamXml
[2019-08-07 00:32:49.860][INFO][main][T= E= U=][com.netflix.discovery.provider.DiscoveryJerseyProvider:81] Using XML decoding codec XStreamXml
[2019-08-07 00:32:50.132][INFO][main][T= E= U=][com.netflix.eureka.cluster.PeerEurekaNodes:109] Replica node URL:  http://localhost:8080/eureka/
[2019-08-07 00:32:50.147][INFO][main][T= E= U=][com.netflix.eureka.registry.AbstractInstanceRegistry:151] Finished initializing remote region registries. All known remote regions: []
[2019-08-07 00:32:50.151][INFO][main][T= E= U=][com.netflix.eureka.DefaultEurekaServerContext:70] Initialized
[2019-08-07 00:32:50.169][INFO][main][T= E= U=][org.springframework.boot.actuate.endpoint.web.EndpointLinksResolver:58] Exposing 2 endpoint(s) beneath base path '/actuator'
[2019-08-07 00:32:50.253][INFO][main][T= E= U=][org.springframework.cloud.netflix.eureka.serviceregistry.EurekaServiceRegistry:41] Registering application OMEGA-EUREKA with eureka with status UP
[2019-08-07 00:32:50.256][INFO][Thread-29][T= E= U=][org.springframework.cloud.netflix.eureka.server.EurekaServerBootstrap:110] Setting the eureka configuration..
[2019-08-07 00:32:50.258][INFO][Thread-29][T= E= U=][org.springframework.cloud.netflix.eureka.server.EurekaServerBootstrap:115] Eureka data center value eureka.datacenter is not set, defaulting to default
[2019-08-07 00:32:50.259][INFO][Thread-29][T= E= U=][org.springframework.cloud.netflix.eureka.server.EurekaServerBootstrap:129] Eureka environment value eureka.environment is not set, defaulting to test
[2019-08-07 00:32:50.278][INFO][Thread-29][T= E= U=][org.springframework.cloud.netflix.eureka.server.EurekaServerBootstrap:188] isAws returned false
[2019-08-07 00:32:50.279][INFO][Thread-29][T= E= U=][org.springframework.cloud.netflix.eureka.server.EurekaServerBootstrap:153] Initialized server context
[2019-08-07 00:32:50.280][INFO][Thread-29][T= E= U=][com.netflix.eureka.registry.PeerAwareInstanceRegistryImpl:241] Got 1 instances from neighboring DS node
[2019-08-07 00:32:50.280][INFO][Thread-29][T= E= U=][com.netflix.eureka.registry.PeerAwareInstanceRegistryImpl:242] Renew threshold is: 1
[2019-08-07 00:32:50.281][INFO][Thread-29][T= E= U=][com.netflix.eureka.registry.PeerAwareInstanceRegistryImpl:253] Changing status to UP
[2019-08-07 00:32:50.289][INFO][Thread-29][T= E= U=][org.springframework.cloud.netflix.eureka.server.EurekaServerInitializerConfiguration:74] Started Eureka Server
[2019-08-07 00:32:50.305][INFO][main][T= E= U=][org.springframework.boot.web.embedded.tomcat.TomcatWebServer:202] Tomcat started on port(s): 8080 (http) with context path ''
[2019-08-07 00:32:50.306][INFO][main][T= E= U=][org.springframework.cloud.netflix.eureka.serviceregistry.EurekaAutoServiceRegistration:145] Updating port to 8080
[2019-08-07 00:32:50.308][INFO][main][T= E= U=][com.omega.eureka.EurekaApplication:59] Started EurekaApplication in 9.752 seconds (JVM running for 11.363)
[2019-08-07 00:32:50.954][INFO][RMI TCP Connection(1)-192.168.0.100][T= E= U=][org.apache.catalina.core.ContainerBase.[Tomcat].[localhost].[/]:173] Initializing Spring DispatcherServlet 'dispatcherServlet'
[2019-08-07 00:32:50.955][INFO][RMI TCP Connection(1)-192.168.0.100][T= E= U=][org.springframework.web.servlet.DispatcherServlet:524] Initializing Servlet 'dispatcherServlet'
[2019-08-07 00:32:50.966][INFO][RMI TCP Connection(1)-192.168.0.100][T= E= U=][org.springframework.web.servlet.DispatcherServlet:546] Completed initialization in 10 ms
[2019-08-07 00:33:27.281][INFO][main][T= E= U=][org.springframework.context.support.PostProcessorRegistrationDelegate$BeanPostProcessorChecker:330] Bean 'org.springframework.cloud.autoconfigure.ConfigurationPropertiesRebinderAutoConfiguration' of type [org.springframework.cloud.autoconfigure.ConfigurationPropertiesRebinderAutoConfiguration$$EnhancerBySpringCGLIB$$386fab5b] is not eligible for getting processed by all BeanPostProcessors (for example: not eligible for auto-proxying)
[2019-08-07 00:33:27.718][INFO][main][T= E= U=][com.omega.eureka.EurekaApplication:651] The following profiles are active: dev
[2019-08-07 00:33:28.300][WARN][main][T= E= U=][org.springframework.boot.actuate.endpoint.EndpointId:131] Endpoint ID 'service-registry' contains invalid characters, please migrate to a valid format.
[2019-08-07 00:33:28.470][INFO][main][T= E= U=][org.springframework.cloud.context.scope.GenericScope:295] BeanFactory id=02635300-7202-3ee4-af5e-f4ad610bafa7
[2019-08-07 00:33:28.547][INFO][main][T= E= U=][org.springframework.context.support.PostProcessorRegistrationDelegate$BeanPostProcessorChecker:330] Bean 'org.springframework.cloud.autoconfigure.ConfigurationPropertiesRebinderAutoConfiguration' of type [org.springframework.cloud.autoconfigure.ConfigurationPropertiesRebinderAutoConfiguration$$EnhancerBySpringCGLIB$$386fab5b] is not eligible for getting processed by all BeanPostProcessors (for example: not eligible for auto-proxying)
[2019-08-07 00:33:28.748][INFO][main][T= E= U=][org.springframework.boot.web.embedded.tomcat.TomcatWebServer:90] Tomcat initialized with port(s): 8080 (http)
[2019-08-07 00:33:28.773][INFO][main][T= E= U=][org.apache.catalina.core.StandardService:173] Starting service [Tomcat]
[2019-08-07 00:33:28.774][INFO][main][T= E= U=][org.apache.catalina.core.StandardEngine:173] Starting Servlet engine: [Apache Tomcat/9.0.22]
[2019-08-07 00:33:28.918][INFO][main][T= E= U=][org.apache.catalina.core.ContainerBase.[Tomcat].[localhost].[/]:173] Initializing Spring embedded WebApplicationContext
[2019-08-07 00:33:28.918][INFO][main][T= E= U=][org.springframework.web.context.ContextLoader:284] Root WebApplicationContext: initialization completed in 1189 ms
[2019-08-07 00:33:29.016][WARN][main][T= E= U=][com.netflix.config.sources.URLConfigurationSource:121] No URLs will be polled as dynamic configuration sources.
[2019-08-07 00:33:29.017][INFO][main][T= E= U=][com.netflix.config.sources.URLConfigurationSource:122] To enable URLs as dynamic configuration sources, define System property archaius.configurationSource.additionalUrls or make config.properties available on classpath.
[2019-08-07 00:33:29.028][INFO][main][T= E= U=][com.netflix.config.DynamicPropertyFactory:281] DynamicPropertyFactory is initialized with configuration sources: com.netflix.config.ConcurrentCompositeConfiguration@671d1157
[2019-08-07 00:33:29.892][INFO][main][T= E= U=][com.sun.jersey.server.impl.application.WebApplicationImpl:815] Initiating Jersey application, version 'Jersey: 1.19.1 03/11/2016 02:08 PM'
[2019-08-07 00:33:29.944][INFO][main][T= E= U=][com.netflix.discovery.provider.DiscoveryJerseyProvider:70] Using JSON encoding codec LegacyJacksonJson
[2019-08-07 00:33:29.945][INFO][main][T= E= U=][com.netflix.discovery.provider.DiscoveryJerseyProvider:71] Using JSON decoding codec LegacyJacksonJson
[2019-08-07 00:33:30.030][INFO][main][T= E= U=][com.netflix.discovery.provider.DiscoveryJerseyProvider:80] Using XML encoding codec XStreamXml
[2019-08-07 00:33:30.030][INFO][main][T= E= U=][com.netflix.discovery.provider.DiscoveryJerseyProvider:81] Using XML decoding codec XStreamXml
[2019-08-07 00:33:30.303][WARN][main][T= E= U=][com.netflix.config.sources.URLConfigurationSource:121] No URLs will be polled as dynamic configuration sources.
[2019-08-07 00:33:30.303][INFO][main][T= E= U=][com.netflix.config.sources.URLConfigurationSource:122] To enable URLs as dynamic configuration sources, define System property archaius.configurationSource.additionalUrls or make config.properties available on classpath.
[2019-08-07 00:33:30.456][INFO][main][T= E= U=][org.springframework.scheduling.concurrent.ThreadPoolTaskExecutor:171] Initializing ExecutorService 'applicationTaskExecutor'
[2019-08-07 00:33:31.138][INFO][main][T= E= U=][org.springframework.cloud.netflix.eureka.InstanceInfoFactory:72] Setting initial instance status as: STARTING
[2019-08-07 00:33:31.160][INFO][main][T= E= U=][com.netflix.discovery.DiscoveryClient:365] Initializing Eureka in region us-east-1
[2019-08-07 00:33:31.161][INFO][main][T= E= U=][com.netflix.discovery.DiscoveryClient:368] Client configured to neither register nor query for data.
[2019-08-07 00:33:31.166][INFO][main][T= E= U=][com.netflix.discovery.DiscoveryClient:381] Discovery Client initialized at timestamp 1565109211165 with initial instances count: 0
[2019-08-07 00:33:31.198][INFO][main][T= E= U=][com.netflix.eureka.DefaultEurekaServerContext:63] Initializing ...
[2019-08-07 00:33:31.200][INFO][main][T= E= U=][com.netflix.eureka.cluster.PeerEurekaNodes:187] Adding new peer nodes [http://localhost:8080/eureka/]
[2019-08-07 00:33:31.499][INFO][main][T= E= U=][com.netflix.discovery.provider.DiscoveryJerseyProvider:70] Using JSON encoding codec LegacyJacksonJson
[2019-08-07 00:33:31.500][INFO][main][T= E= U=][com.netflix.discovery.provider.DiscoveryJerseyProvider:71] Using JSON decoding codec LegacyJacksonJson
[2019-08-07 00:33:31.500][INFO][main][T= E= U=][com.netflix.discovery.provider.DiscoveryJerseyProvider:80] Using XML encoding codec XStreamXml
[2019-08-07 00:33:31.500][INFO][main][T= E= U=][com.netflix.discovery.provider.DiscoveryJerseyProvider:81] Using XML decoding codec XStreamXml
[2019-08-07 00:33:31.585][INFO][main][T= E= U=][com.netflix.eureka.cluster.PeerEurekaNodes:109] Replica node URL:  http://localhost:8080/eureka/
[2019-08-07 00:33:31.592][INFO][main][T= E= U=][com.netflix.eureka.registry.AbstractInstanceRegistry:151] Finished initializing remote region registries. All known remote regions: []
[2019-08-07 00:33:31.593][INFO][main][T= E= U=][com.netflix.eureka.DefaultEurekaServerContext:70] Initialized
[2019-08-07 00:33:31.603][INFO][main][T= E= U=][org.springframework.boot.actuate.endpoint.web.EndpointLinksResolver:58] Exposing 2 endpoint(s) beneath base path '/actuator'
[2019-08-07 00:33:31.671][INFO][main][T= E= U=][org.springframework.cloud.netflix.eureka.serviceregistry.EurekaServiceRegistry:41] Registering application OMEGA-EUREKA with eureka with status UP
[2019-08-07 00:33:31.674][INFO][Thread-21][T= E= U=][org.springframework.cloud.netflix.eureka.server.EurekaServerBootstrap:110] Setting the eureka configuration..
[2019-08-07 00:33:31.674][INFO][Thread-21][T= E= U=][org.springframework.cloud.netflix.eureka.server.EurekaServerBootstrap:115] Eureka data center value eureka.datacenter is not set, defaulting to default
[2019-08-07 00:33:31.675][INFO][Thread-21][T= E= U=][org.springframework.cloud.netflix.eureka.server.EurekaServerBootstrap:129] Eureka environment value eureka.environment is not set, defaulting to test
[2019-08-07 00:33:31.691][INFO][Thread-21][T= E= U=][org.springframework.cloud.netflix.eureka.server.EurekaServerBootstrap:188] isAws returned false
[2019-08-07 00:33:31.691][INFO][Thread-21][T= E= U=][org.springframework.cloud.netflix.eureka.server.EurekaServerBootstrap:153] Initialized server context
[2019-08-07 00:33:31.692][INFO][Thread-21][T= E= U=][com.netflix.eureka.registry.PeerAwareInstanceRegistryImpl:241] Got 1 instances from neighboring DS node
[2019-08-07 00:33:31.692][INFO][Thread-21][T= E= U=][com.netflix.eureka.registry.PeerAwareInstanceRegistryImpl:242] Renew threshold is: 1
[2019-08-07 00:33:31.692][INFO][Thread-21][T= E= U=][com.netflix.eureka.registry.PeerAwareInstanceRegistryImpl:253] Changing status to UP
[2019-08-07 00:33:31.699][INFO][Thread-21][T= E= U=][org.springframework.cloud.netflix.eureka.server.EurekaServerInitializerConfiguration:74] Started Eureka Server
[2019-08-07 00:33:31.718][INFO][main][T= E= U=][org.springframework.boot.web.embedded.tomcat.TomcatWebServer:202] Tomcat started on port(s): 8080 (http) with context path ''
[2019-08-07 00:33:31.719][INFO][main][T= E= U=][org.springframework.cloud.netflix.eureka.serviceregistry.EurekaAutoServiceRegistration:145] Updating port to 8080
[2019-08-07 00:33:31.722][INFO][main][T= E= U=][com.omega.eureka.EurekaApplication:59] Started EurekaApplication in 5.643 seconds (JVM running for 6.601)
[2019-08-07 00:33:32.204][INFO][RMI TCP Connection(4)-192.168.0.100][T= E= U=][org.apache.catalina.core.ContainerBase.[Tomcat].[localhost].[/]:173] Initializing Spring DispatcherServlet 'dispatcherServlet'
[2019-08-07 00:33:32.205][INFO][RMI TCP Connection(4)-192.168.0.100][T= E= U=][org.springframework.web.servlet.DispatcherServlet:524] Initializing Servlet 'dispatcherServlet'
[2019-08-07 00:33:32.214][INFO][RMI TCP Connection(4)-192.168.0.100][T= E= U=][org.springframework.web.servlet.DispatcherServlet:546] Completed initialization in 9 ms
[2019-08-07 00:34:31.694][INFO][Eureka-EvictionTimer][T= E= U=][com.netflix.eureka.registry.AbstractInstanceRegistry:1250] Running the evict task with compensationTime 0ms
[2019-08-07 00:35:31.694][INFO][Eureka-EvictionTimer][T= E= U=][com.netflix.eureka.registry.AbstractInstanceRegistry:1250] Running the evict task with compensationTime 0ms
[2019-08-07 00:36:31.695][INFO][Eureka-EvictionTimer][T= E= U=][com.netflix.eureka.registry.AbstractInstanceRegistry:1250] Running the evict task with compensationTime 0ms
[2019-08-07 00:37:31.695][INFO][Eureka-EvictionTimer][T= E= U=][com.netflix.eureka.registry.AbstractInstanceRegistry:1250] Running the evict task with compensationTime 0ms
[2019-08-07 00:38:31.695][INFO][Eureka-EvictionTimer][T= E= U=][com.netflix.eureka.registry.AbstractInstanceRegistry:1250] Running the evict task with compensationTime 0ms
[2019-08-07 00:39:31.696][INFO][Eureka-EvictionTimer][T= E= U=][com.netflix.eureka.registry.AbstractInstanceRegistry:1250] Running the evict task with compensationTime 0ms
[2019-08-07 00:40:31.696][INFO][Eureka-EvictionTimer][T= E= U=][com.netflix.eureka.registry.AbstractInstanceRegistry:1250] Running the evict task with compensationTime 0ms
[2019-08-07 00:41:31.696][INFO][Eureka-EvictionTimer][T= E= U=][com.netflix.eureka.registry.AbstractInstanceRegistry:1250] Running the evict task with compensationTime 0ms
[2019-08-07 00:42:31.697][INFO][Eureka-EvictionTimer][T= E= U=][com.netflix.eureka.registry.AbstractInstanceRegistry:1250] Running the evict task with compensationTime 0ms
[2019-08-07 00:43:31.698][INFO][Eureka-EvictionTimer][T= E= U=][com.netflix.eureka.registry.AbstractInstanceRegistry:1250] Running the evict task with compensationTime 1ms
[2019-08-07 00:44:31.698][INFO][Eureka-EvictionTimer][T= E= U=][com.netflix.eureka.registry.AbstractInstanceRegistry:1250] Running the evict task with compensationTime 0ms
[2019-08-07 00:45:31.698][INFO][Eureka-EvictionTimer][T= E= U=][com.netflix.eureka.registry.AbstractInstanceRegistry:1250] Running the evict task with compensationTime 0ms
[2019-08-07 00:46:31.698][INFO][Eureka-EvictionTimer][T= E= U=][com.netflix.eureka.registry.AbstractInstanceRegistry:1250] Running the evict task with compensationTime 0ms
[2019-08-07 00:47:31.698][INFO][Eureka-EvictionTimer][T= E= U=][com.netflix.eureka.registry.AbstractInstanceRegistry:1250] Running the evict task with compensationTime 0ms
